<?xml version="1.0" encoding="UTF-8"?>
<!-- Generated by org.testng.reporters.JUnitXMLReporter -->
<testsuite ignored="5" hostname="IBM-GBQ8QM3" failures="0" tests="2" name="Test" time="0.031" errors="0" timestamp="2022-06-20T14:05:54 IST">
  <testcase classname="day1.demo.groupsXML" name="checkingPNRStatus" time="0.005"/>
  <testcase classname="day1.demo.groupsXML" name="zbookingtickets" time="0.0"/>
  <testcase classname="day1.demo.invocationcount" name="testcase1" time="0.0">
    <ignored/>
  </testcase> <!-- testcase1 -->
  <testcase classname="day1.demo.groupsXML" name="checkingPNRStatus1" time="0.0">
    <ignored/>
  </testcase> <!-- checkingPNRStatus1 -->
  <testcase classname="day1.demo.invocationcount" name="testcase2" time="0.0">
    <ignored/>
  </testcase> <!-- testcase2 -->
  <testcase classname="day1.demo.invocationcount" name="testcase3" time="0.0">
    <ignored/>
  </testcase> <!-- testcase3 -->
  <testcase classname="day1.demo.groupsXML" name="checkingPNRStatus2" time="0.0">
    <ignored/>
  </testcase> <!-- checkingPNRStatus2 -->
</testsuite> <!-- Test -->
